<?xml version="1.0" encoding="UTF-8"?>
<testsuite xmlns:xsi="http://www.w3.org/2001/XMLSchema-instance" xsi:noNamespaceSchemaLocation="https://maven.apache.org/surefire/maven-surefire-plugin/xsd/surefire-test-report.xsd" name="com.fintech.creditprocessing.service.impl.LoanOrderServiceImplTest" time="0.278" tests="10" errors="0" skipped="0" failures="0">
  <properties>
[...]
</properties>
  <testcase name="testCreateCreditApplicationLoanAlreadyApproved" classname="com.fintech.creditprocessing.service.impl.LoanOrderServiceImplTest" time="0.206"/>
  <testcase name="testCreateCreditApplicationTariffLoanConsideration" classname="com.fintech.creditprocessing.service.impl.LoanOrderServiceImplTest" time="0.006"/>
  <testcase name="testDeleteOrder" classname="com.fintech.creditprocessing.service.impl.LoanOrderServiceImplTest" time="0.029"/>
  <testcase name="testCreateCreditApplicationTryLater" classname="com.fintech.creditprocessing.service.impl.LoanOrderServiceImplTest" time="0.005"/>
  <testcase name="testGetStatusOrderNotFound" classname="com.fintech.creditprocessing.service.impl.LoanOrderServiceImplTest" time="0.003"/>
  <testcase name="testDeleteOrderImpossibleToDelete" classname="com.fintech.creditprocessing.service.impl.LoanOrderServiceImplTest" time="0.002"/>
  <testcase name="testDeleteOrderNotFound" classname="com.fintech.creditprocessing.service.impl.LoanOrderServiceImplTest" time="0.002"/>
  <testcase name="testGetStatusOrder" classname="com.fintech.creditprocessing.service.impl.LoanOrderServiceImplTest" time="0.005"/>
  <testcase name="testCreateCreditApplication" classname="com.fintech.creditprocessing.service.impl.LoanOrderServiceImplTest" time="0.007"/>
  <testcase name="testCreateCreditApplicationTariffNotFound" classname="com.fintech.creditprocessing.service.impl.LoanOrderServiceImplTest" time="0.003"/>
</testsuite>